<?xml version="1.0" encoding="UTF-8"?>
<coverage generated="1683191158265" clover="3.2.0">
  <project timestamp="1683191158265" name="All files">
    <metrics statements="17" coveredstatements="12" conditionals="0" coveredconditionals="0" methods="10" coveredmethods="5" elements="27" coveredelements="17" complexity="0" loc="17" ncloc="17" packages="3" files="7" classes="7"/>
    <package name="src.repositories">
      <metrics statements="5" coveredstatements="0" conditionals="0" coveredconditionals="0" methods="5" coveredmethods="0"/>
      <file name="launches.repository.js" path="/home/nacho/Escritorio/Kairos/spaceX/src/repositories/launches.repository.js">
        <metrics statements="5" coveredstatements="0" conditionals="0" coveredconditionals="0" methods="5" coveredmethods="0"/>
        <line num="5" count="0" type="stmt"/>
        <line num="11" count="0" type="stmt"/>
        <line num="17" count="0" type="stmt"/>
        <line num="23" count="0" type="stmt"/>
        <line num="29" count="0" type="stmt"/>
      </file>
    </package>
    <package name="src.usecases">
      <metrics statements="11" coveredstatements="11" conditionals="0" coveredconditionals="0" methods="5" coveredmethods="5"/>
      <file name="get-all-launches.usecase.js" path="/home/nacho/Escritorio/Kairos/spaceX/src/usecases/get-all-launches.usecase.js">
        <metrics statements="3" coveredstatements="3" conditionals="0" coveredconditionals="0" methods="1" coveredmethods="1"/>
        <line num="5" count="1" type="stmt"/>
        <line num="6" count="1" type="stmt"/>
        <line num="7" count="1" type="stmt"/>
      </file>
      <file name="get-all-starlink.usecase.js" path="/home/nacho/Escritorio/Kairos/spaceX/src/usecases/get-all-starlink.usecase.js">
        <metrics statements="2" coveredstatements="2" conditionals="0" coveredconditionals="0" methods="1" coveredmethods="1"/>
        <line num="5" count="1" type="stmt"/>
        <line num="6" count="1" type="stmt"/>
      </file>
      <file name="history.usecase.js" path="/home/nacho/Escritorio/Kairos/spaceX/src/usecases/history.usecase.js">
        <metrics statements="2" coveredstatements="2" conditionals="0" coveredconditionals="0" methods="1" coveredmethods="1"/>
        <line num="5" count="1" type="stmt"/>
        <line num="6" count="1" type="stmt"/>
      </file>
      <file name="last-launch.usecase.js" path="/home/nacho/Escritorio/Kairos/spaceX/src/usecases/last-launch.usecase.js">
        <metrics statements="2" coveredstatements="2" conditionals="0" coveredconditionals="0" methods="1" coveredmethods="1"/>
        <line num="5" count="1" type="stmt"/>
        <line num="6" count="1" type="stmt"/>
      </file>
      <file name="upcomung-launch.usecase.js" path="/home/nacho/Escritorio/Kairos/spaceX/src/usecases/upcomung-launch.usecase.js">
        <metrics statements="2" coveredstatements="2" conditionals="0" coveredconditionals="0" methods="1" coveredmethods="1"/>
        <line num="5" count="1" type="stmt"/>
        <line num="6" count="1" type="stmt"/>
      </file>
    </package>
    <package name="test.fixtures">
      <metrics statements="1" coveredstatements="1" conditionals="0" coveredconditionals="0" methods="0" coveredmethods="0"/>
      <file name="allLaunches.js" path="/home/nacho/Escritorio/Kairos/spaceX/test/fixtures/allLaunches.js">
        <metrics statements="1" coveredstatements="1" conditionals="0" coveredconditionals="0" methods="0" coveredmethods="0"/>
        <line num="1" count="1" type="stmt"/>
      </file>
    </package>
  </project>
</coverage>
