{"C:\\Users\\nacho\\Desktop\\Kairos\\spacex\\src\\repositories\\launches.repository.js": {"path":"C:\\Users\\nacho\\Desktop\\Kairos\\spacex\\src\\repositories\\launches.repository.js","statementMap":{"0":{"start":{"line":5,"column":4},"end":{"line":7,"column":11}},"1":{"start":{"line":11,"column":4},"end":{"line":13,"column":11}},"2":{"start":{"line":17,"column":4},"end":{"line":19,"column":11}},"3":{"start":{"line":23,"column":4},"end":{"line":25,"column":11}},"4":{"start":{"line":29,"column":4},"end":{"line":31,"column":11}},"5":{"start":{"line":35,"column":4},"end":{"line":37,"column":11}}},"fnMap":{"0":{"name":"(anonymous_0)","decl":{"start":{"line":4,"column":2},"end":{"line":4,"column":3}},"loc":{"start":{"line":4,"column":30},"end":{"line":8,"column":3}},"line":4},"1":{"name":"(anonymous_1)","decl":{"start":{"line":10,"column":2},"end":{"line":10,"column":3}},"loc":{"start":{"line":10,"column":22},"end":{"line":14,"column":3}},"line":10},"2":{"name":"(anonymous_2)","decl":{"start":{"line":16,"column":2},"end":{"line":16,"column":3}},"loc":{"start":{"line":16,"column":21},"end":{"line":20,"column":3}},"line":16},"3":{"name":"(anonymous_3)","decl":{"start":{"line":22,"column":2},"end":{"line":22,"column":3}},"loc":{"start":{"line":22,"column":28},"end":{"line":26,"column":3}},"line":22},"4":{"name":"(anonymous_4)","decl":{"start":{"line":28,"column":2},"end":{"line":28,"column":3}},"loc":{"start":{"line":28,"column":26},"end":{"line":32,"column":3}},"line":28},"5":{"name":"(anonymous_5)","decl":{"start":{"line":34,"column":2},"end":{"line":34,"column":3}},"loc":{"start":{"line":34,"column":22},"end":{"line":38,"column":3}},"line":34}},"branchMap":{},"s":{"0":0,"1":0,"2":0,"3":0,"4":0,"5":0},"f":{"0":0,"1":0,"2":0,"3":0,"4":0,"5":0},"b":{},"_coverageSchema":"1a1c01bbd47fc00a2c39e90264f33305004495a9","hash":"75e6f3f06478f079c2d5deb65cf18fa6d8fa2ad8"}
,"C:\\Users\\nacho\\Desktop\\Kairos\\spacex\\src\\usecases\\get-all-launches.usecase.js": {"path":"C:\\Users\\nacho\\Desktop\\Kairos\\spacex\\src\\usecases\\get-all-launches.usecase.js","statementMap":{"0":{"start":{"line":6,"column":18},"end":{"line":11,"column":5}},"1":{"start":{"line":12,"column":23},"end":{"line":12,"column":46}},"2":{"start":{"line":13,"column":21},"end":{"line":13,"column":59}},"3":{"start":{"line":14,"column":23},"end":{"line":22,"column":6}},"4":{"start":{"line":15,"column":25},"end":{"line":15,"column":58}},"5":{"start":{"line":17,"column":6},"end":{"line":21,"column":8}},"6":{"start":{"line":23,"column":29},"end":{"line":23,"column":58}},"7":{"start":{"line":24,"column":4},"end":{"line":24,"column":28}}},"fnMap":{"0":{"name":"(anonymous_0)","decl":{"start":{"line":5,"column":2},"end":{"line":5,"column":3}},"loc":{"start":{"line":5,"column":28},"end":{"line":25,"column":3}},"line":5},"1":{"name":"(anonymous_1)","decl":{"start":{"line":14,"column":47},"end":{"line":14,"column":48}},"loc":{"start":{"line":14,"column":65},"end":{"line":22,"column":5}},"line":14}},"branchMap":{"0":{"loc":{"start":{"line":9,"column":14},"end":{"line":9,"column":22}},"type":"binary-expr","locations":[{"start":{"line":9,"column":14},"end":{"line":9,"column":17}},{"start":{"line":9,"column":21},"end":{"line":9,"column":22}}],"line":9}},"s":{"0":1,"1":1,"2":1,"3":1,"4":10,"5":10,"6":1,"7":1},"f":{"0":1,"1":10},"b":{"0":[1,1]},"_coverageSchema":"1a1c01bbd47fc00a2c39e90264f33305004495a9","hash":"3e35ee8b3f662507b93fcca6e7d39308c3b0142f"}
,"C:\\Users\\nacho\\Desktop\\Kairos\\spacex\\src\\usecases\\get-all-starlink.usecase.js": {"path":"C:\\Users\\nacho\\Desktop\\Kairos\\spacex\\src\\usecases\\get-all-starlink.usecase.js","statementMap":{"0":{"start":{"line":5,"column":23},"end":{"line":5,"column":46}},"1":{"start":{"line":6,"column":4},"end":{"line":6,"column":42}}},"fnMap":{"0":{"name":"(anonymous_0)","decl":{"start":{"line":4,"column":2},"end":{"line":4,"column":3}},"loc":{"start":{"line":4,"column":25},"end":{"line":7,"column":3}},"line":4}},"branchMap":{},"s":{"0":1,"1":1},"f":{"0":1},"b":{},"_coverageSchema":"1a1c01bbd47fc00a2c39e90264f33305004495a9","hash":"5a5434763f3c216f53e8e67193468bdbaa966f4f"}
,"C:\\Users\\nacho\\Desktop\\Kairos\\spacex\\src\\usecases\\history.usecase.js": {"path":"C:\\Users\\nacho\\Desktop\\Kairos\\spacex\\src\\usecases\\history.usecase.js","statementMap":{"0":{"start":{"line":6,"column":23},"end":{"line":6,"column":46}},"1":{"start":{"line":7,"column":21},"end":{"line":7,"column":50}},"2":{"start":{"line":8,"column":4},"end":{"line":13,"column":7}},"3":{"start":{"line":9,"column":6},"end":{"line":12,"column":8}}},"fnMap":{"0":{"name":"(anonymous_0)","decl":{"start":{"line":5,"column":2},"end":{"line":5,"column":3}},"loc":{"start":{"line":5,"column":25},"end":{"line":14,"column":3}},"line":5},"1":{"name":"(anonymous_1)","decl":{"start":{"line":8,"column":24},"end":{"line":8,"column":25}},"loc":{"start":{"line":8,"column":37},"end":{"line":13,"column":5}},"line":8}},"branchMap":{},"s":{"0":1,"1":1,"2":1,"3":1},"f":{"0":1,"1":1},"b":{},"_coverageSchema":"1a1c01bbd47fc00a2c39e90264f33305004495a9","hash":"416fdf351d3a386484772c6f678df902d1a6da86"}
,"C:\\Users\\nacho\\Desktop\\Kairos\\spacex\\src\\usecases\\last-launch.usecase.js": {"path":"C:\\Users\\nacho\\Desktop\\Kairos\\spacex\\src\\usecases\\last-launch.usecase.js","statementMap":{"0":{"start":{"line":6,"column":23},"end":{"line":6,"column":46}},"1":{"start":{"line":7,"column":21},"end":{"line":7,"column":55}},"2":{"start":{"line":8,"column":4},"end":{"line":8,"column":72}}},"fnMap":{"0":{"name":"(anonymous_0)","decl":{"start":{"line":5,"column":2},"end":{"line":5,"column":3}},"loc":{"start":{"line":5,"column":25},"end":{"line":9,"column":3}},"line":5}},"branchMap":{},"s":{"0":1,"1":1,"2":1},"f":{"0":1},"b":{},"_coverageSchema":"1a1c01bbd47fc00a2c39e90264f33305004495a9","hash":"12a8ab3520cd6a959ac4334f12a79139b86d8a2b"}
,"C:\\Users\\nacho\\Desktop\\Kairos\\spacex\\src\\usecases\\upcomung-launch.usecase.js": {"path":"C:\\Users\\nacho\\Desktop\\Kairos\\spacex\\src\\usecases\\upcomung-launch.usecase.js","statementMap":{"0":{"start":{"line":6,"column":23},"end":{"line":6,"column":46}},"1":{"start":{"line":7,"column":21},"end":{"line":7,"column":57}},"2":{"start":{"line":8,"column":4},"end":{"line":11,"column":6}}},"fnMap":{"0":{"name":"(anonymous_0)","decl":{"start":{"line":5,"column":2},"end":{"line":5,"column":3}},"loc":{"start":{"line":5,"column":25},"end":{"line":12,"column":3}},"line":5}},"branchMap":{},"s":{"0":1,"1":1,"2":1},"f":{"0":1},"b":{},"_coverageSchema":"1a1c01bbd47fc00a2c39e90264f33305004495a9","hash":"9612e229b2ebd6434a9cf41efd5eb59e0a67c50a"}
,"C:\\Users\\nacho\\Desktop\\Kairos\\spacex\\src\\utils\\formatDate.js": {"path":"C:\\Users\\nacho\\Desktop\\Kairos\\spacex\\src\\utils\\formatDate.js","statementMap":{"0":{"start":{"line":1,"column":26},"end":{"line":20,"column":1}},"1":{"start":{"line":2,"column":15},"end":{"line":2,"column":35}},"2":{"start":{"line":3,"column":21},"end":{"line":16,"column":3}},"3":{"start":{"line":17,"column":16},"end":{"line":17,"column":43}},"4":{"start":{"line":18,"column":15},"end":{"line":18,"column":33}},"5":{"start":{"line":19,"column":2},"end":{"line":19,"column":28}}},"fnMap":{"0":{"name":"(anonymous_0)","decl":{"start":{"line":1,"column":26},"end":{"line":1,"column":27}},"loc":{"start":{"line":1,"column":42},"end":{"line":20,"column":1}},"line":1}},"branchMap":{},"s":{"0":4,"1":13,"2":13,"3":13,"4":13,"5":13},"f":{"0":13},"b":{},"_coverageSchema":"1a1c01bbd47fc00a2c39e90264f33305004495a9","hash":"8bddbb252aafb898fd633e1ecc051dd076754743"}
,"C:\\Users\\nacho\\Desktop\\Kairos\\spacex\\src\\utils\\getRocketName.js": {"path":"C:\\Users\\nacho\\Desktop\\Kairos\\spacex\\src\\utils\\getRocketName.js","statementMap":{"0":{"start":{"line":3,"column":28},"end":{"line":7,"column":1}},"1":{"start":{"line":4,"column":21},"end":{"line":4,"column":44}},"2":{"start":{"line":5,"column":17},"end":{"line":5,"column":47}},"3":{"start":{"line":6,"column":2},"end":{"line":6,"column":21}}},"fnMap":{"0":{"name":"(anonymous_0)","decl":{"start":{"line":3,"column":28},"end":{"line":3,"column":29}},"loc":{"start":{"line":3,"column":42},"end":{"line":7,"column":1}},"line":3}},"branchMap":{},"s":{"0":1,"1":10,"2":10,"3":10},"f":{"0":10},"b":{},"_coverageSchema":"1a1c01bbd47fc00a2c39e90264f33305004495a9","hash":"15e0020832e76a8a6b21f4bc1aea3aeed77ff5a1"}
,"C:\\Users\\nacho\\Desktop\\Kairos\\spacex\\test\\fixtures\\allLaunches.js": {"path":"C:\\Users\\nacho\\Desktop\\Kairos\\spacex\\test\\fixtures\\allLaunches.js","statementMap":{"0":{"start":{"line":1,"column":24},"end":{"line":678,"column":1}}},"fnMap":{},"branchMap":{},"s":{"0":1},"f":{},"b":{},"_coverageSchema":"1a1c01bbd47fc00a2c39e90264f33305004495a9","hash":"68551788a78d984816932db4b4b3ea750f185bca"}
}
