{"/home/nacho/Escritorio/Kairos/spaceX/src/repositories/launches.repository.js": {"path":"/home/nacho/Escritorio/Kairos/spaceX/src/repositories/launches.repository.js","statementMap":{"0":{"start":{"line":5,"column":4},"end":{"line":7,"column":11}},"1":{"start":{"line":11,"column":4},"end":{"line":13,"column":11}},"2":{"start":{"line":17,"column":4},"end":{"line":19,"column":11}},"3":{"start":{"line":23,"column":4},"end":{"line":25,"column":11}},"4":{"start":{"line":29,"column":4},"end":{"line":31,"column":11}}},"fnMap":{"0":{"name":"(anonymous_0)","decl":{"start":{"line":4,"column":2},"end":{"line":4,"column":3}},"loc":{"start":{"line":4,"column":30},"end":{"line":8,"column":3}},"line":4},"1":{"name":"(anonymous_1)","decl":{"start":{"line":10,"column":2},"end":{"line":10,"column":3}},"loc":{"start":{"line":10,"column":22},"end":{"line":14,"column":3}},"line":10},"2":{"name":"(anonymous_2)","decl":{"start":{"line":16,"column":2},"end":{"line":16,"column":3}},"loc":{"start":{"line":16,"column":21},"end":{"line":20,"column":3}},"line":16},"3":{"name":"(anonymous_3)","decl":{"start":{"line":22,"column":2},"end":{"line":22,"column":3}},"loc":{"start":{"line":22,"column":28},"end":{"line":26,"column":3}},"line":22},"4":{"name":"(anonymous_4)","decl":{"start":{"line":28,"column":2},"end":{"line":28,"column":3}},"loc":{"start":{"line":28,"column":26},"end":{"line":32,"column":3}},"line":28}},"branchMap":{},"s":{"0":0,"1":0,"2":0,"3":0,"4":0},"f":{"0":0,"1":0,"2":0,"3":0,"4":0},"b":{},"_coverageSchema":"1a1c01bbd47fc00a2c39e90264f33305004495a9","hash":"3ad78f6a556e03ade3d6ed3b151511ec84b0beaa"}
,"/home/nacho/Escritorio/Kairos/spaceX/src/usecases/get-all-launches.usecase.js": {"path":"/home/nacho/Escritorio/Kairos/spaceX/src/usecases/get-all-launches.usecase.js","statementMap":{"0":{"start":{"line":5,"column":18},"end":{"line":10,"column":5}},"1":{"start":{"line":11,"column":23},"end":{"line":11,"column":46}},"2":{"start":{"line":12,"column":21},"end":{"line":12,"column":59}},"3":{"start":{"line":14,"column":4},"end":{"line":19,"column":7}},"4":{"start":{"line":15,"column":6},"end":{"line":18,"column":8}}},"fnMap":{"0":{"name":"(anonymous_0)","decl":{"start":{"line":4,"column":2},"end":{"line":4,"column":3}},"loc":{"start":{"line":4,"column":28},"end":{"line":20,"column":3}},"line":4},"1":{"name":"(anonymous_1)","decl":{"start":{"line":14,"column":29},"end":{"line":14,"column":30}},"loc":{"start":{"line":14,"column":41},"end":{"line":19,"column":5}},"line":14}},"branchMap":{"0":{"loc":{"start":{"line":8,"column":14},"end":{"line":8,"column":22}},"type":"binary-expr","locations":[{"start":{"line":8,"column":14},"end":{"line":8,"column":17}},{"start":{"line":8,"column":21},"end":{"line":8,"column":22}}],"line":8}},"s":{"0":1,"1":1,"2":1,"3":1,"4":10},"f":{"0":1,"1":10},"b":{"0":[1,1]},"_coverageSchema":"1a1c01bbd47fc00a2c39e90264f33305004495a9","hash":"d56808747a88dfeaf1355f3d878b83d485e73532"}
,"/home/nacho/Escritorio/Kairos/spaceX/src/usecases/get-all-starlink.usecase.js": {"path":"/home/nacho/Escritorio/Kairos/spaceX/src/usecases/get-all-starlink.usecase.js","statementMap":{"0":{"start":{"line":5,"column":23},"end":{"line":5,"column":46}},"1":{"start":{"line":6,"column":4},"end":{"line":6,"column":42}}},"fnMap":{"0":{"name":"(anonymous_0)","decl":{"start":{"line":4,"column":2},"end":{"line":4,"column":3}},"loc":{"start":{"line":4,"column":25},"end":{"line":7,"column":3}},"line":4}},"branchMap":{},"s":{"0":1,"1":1},"f":{"0":1},"b":{},"_coverageSchema":"1a1c01bbd47fc00a2c39e90264f33305004495a9","hash":"e851d1a76899649493bcf0c73ec6d44cf9b67245"}
,"/home/nacho/Escritorio/Kairos/spaceX/src/usecases/history.usecase.js": {"path":"/home/nacho/Escritorio/Kairos/spaceX/src/usecases/history.usecase.js","statementMap":{"0":{"start":{"line":6,"column":23},"end":{"line":6,"column":46}},"1":{"start":{"line":7,"column":21},"end":{"line":7,"column":50}},"2":{"start":{"line":8,"column":4},"end":{"line":13,"column":7}},"3":{"start":{"line":9,"column":6},"end":{"line":12,"column":8}}},"fnMap":{"0":{"name":"(anonymous_0)","decl":{"start":{"line":5,"column":2},"end":{"line":5,"column":3}},"loc":{"start":{"line":5,"column":25},"end":{"line":14,"column":3}},"line":5},"1":{"name":"(anonymous_1)","decl":{"start":{"line":8,"column":24},"end":{"line":8,"column":25}},"loc":{"start":{"line":8,"column":37},"end":{"line":13,"column":5}},"line":8}},"branchMap":{},"s":{"0":1,"1":1,"2":1,"3":1},"f":{"0":1,"1":1},"b":{},"_coverageSchema":"1a1c01bbd47fc00a2c39e90264f33305004495a9","hash":"db31fbfe07cb43bd1bd62b270661f2f744337645"}
,"/home/nacho/Escritorio/Kairos/spaceX/src/usecases/last-launch.usecase.js": {"path":"/home/nacho/Escritorio/Kairos/spaceX/src/usecases/last-launch.usecase.js","statementMap":{"0":{"start":{"line":6,"column":23},"end":{"line":6,"column":46}},"1":{"start":{"line":7,"column":21},"end":{"line":7,"column":55}},"2":{"start":{"line":8,"column":4},"end":{"line":8,"column":72}}},"fnMap":{"0":{"name":"(anonymous_0)","decl":{"start":{"line":5,"column":2},"end":{"line":5,"column":3}},"loc":{"start":{"line":5,"column":25},"end":{"line":9,"column":3}},"line":5}},"branchMap":{},"s":{"0":1,"1":1,"2":1},"f":{"0":1},"b":{},"_coverageSchema":"1a1c01bbd47fc00a2c39e90264f33305004495a9","hash":"43b14075148a3070b5a53810aed491bf94e8cf49"}
,"/home/nacho/Escritorio/Kairos/spaceX/src/usecases/upcomung-launch.usecase.js": {"path":"/home/nacho/Escritorio/Kairos/spaceX/src/usecases/upcomung-launch.usecase.js","statementMap":{"0":{"start":{"line":6,"column":23},"end":{"line":6,"column":46}},"1":{"start":{"line":7,"column":21},"end":{"line":7,"column":57}},"2":{"start":{"line":8,"column":4},"end":{"line":11,"column":6}}},"fnMap":{"0":{"name":"(anonymous_0)","decl":{"start":{"line":5,"column":2},"end":{"line":5,"column":3}},"loc":{"start":{"line":5,"column":25},"end":{"line":12,"column":3}},"line":5}},"branchMap":{},"s":{"0":1,"1":1,"2":1},"f":{"0":1},"b":{},"_coverageSchema":"1a1c01bbd47fc00a2c39e90264f33305004495a9","hash":"4f5ac259e85fd8b12affa02ebd153315de55e8b5"}
,"/home/nacho/Escritorio/Kairos/spaceX/src/utils/formatDate.js": {"path":"/home/nacho/Escritorio/Kairos/spaceX/src/utils/formatDate.js","statementMap":{"0":{"start":{"line":1,"column":26},"end":{"line":20,"column":1}},"1":{"start":{"line":2,"column":15},"end":{"line":2,"column":35}},"2":{"start":{"line":3,"column":21},"end":{"line":16,"column":3}},"3":{"start":{"line":17,"column":16},"end":{"line":17,"column":43}},"4":{"start":{"line":18,"column":15},"end":{"line":18,"column":33}},"5":{"start":{"line":19,"column":2},"end":{"line":19,"column":28}}},"fnMap":{"0":{"name":"(anonymous_0)","decl":{"start":{"line":1,"column":26},"end":{"line":1,"column":27}},"loc":{"start":{"line":1,"column":42},"end":{"line":20,"column":1}},"line":1}},"branchMap":{},"s":{"0":4,"1":13,"2":13,"3":13,"4":13,"5":13},"f":{"0":13},"b":{},"_coverageSchema":"1a1c01bbd47fc00a2c39e90264f33305004495a9","hash":"0de9b358045eb076dc6faa49b7735bc0e7604166"}
,"/home/nacho/Escritorio/Kairos/spaceX/test/fixtures/allLaunches.js": {"path":"/home/nacho/Escritorio/Kairos/spaceX/test/fixtures/allLaunches.js","statementMap":{"0":{"start":{"line":1,"column":24},"end":{"line":678,"column":1}}},"fnMap":{},"branchMap":{},"s":{"0":1},"f":{},"b":{},"_coverageSchema":"1a1c01bbd47fc00a2c39e90264f33305004495a9","hash":"216dafbe7426316ab8dcaa063aefc72a3d2d1e57"}
}
